<?xml version="1.0" encoding="UTF-8"?>
<!-- Generated by org.testng.reporters.JUnitReportReporter -->
<testsuite name="com.Guru99.qa.testcases.NewCustomerPageTest" tests="1" time="9.672" ignored="0" failures="0" timestamp="26 Aug 2021 12:07:30 GMT" skipped="0" hostname="LAPTOP-8B5VFCJA" errors="0">
  <testcase name="verifyNewCustomerPageTest" time="9.672" classname="com.Guru99.qa.testcases.NewCustomerPageTest"/>
</testsuite> <!-- com.Guru99.qa.testcases.NewCustomerPageTest -->
