<?xml version="1.0" encoding="UTF-8"?>
<!-- Generated by org.testng.reporters.JUnitReportReporter -->
<testsuite name="com.Guru99.qa.testcases.NewAccountPageTest" tests="1" time="6.548" ignored="0" failures="0" timestamp="01 Aug 2021 07:10:03 GMT" skipped="0" hostname="LAPTOP-8B5VFCJA" errors="0">
  <testcase name="method" time="6.548" classname="com.Guru99.qa.testcases.NewAccountPageTest"/>
</testsuite> <!-- com.Guru99.qa.testcases.NewAccountPageTest -->
