<?xml version="1.0" encoding="UTF-8"?>
<!-- Generated by org.testng.reporters.JUnitReportReporter -->
<testsuite name="com.Guru99.qa.testcases.RadioButtonAndCheckBoxPageTest" tests="2" time="13.174" ignored="0" failures="0" timestamp="16 Aug 2021 11:27:56 GMT" skipped="0" hostname="LAPTOP-8B5VFCJA" errors="0">
  <testcase name="verifyCheckBoxTest" time="7.457" classname="com.Guru99.qa.testcases.RadioButtonAndCheckBoxPageTest"/>
  <testcase name="verifyRadioButtonTest" time="5.717" classname="com.Guru99.qa.testcases.RadioButtonAndCheckBoxPageTest"/>
</testsuite> <!-- com.Guru99.qa.testcases.RadioButtonAndCheckBoxPageTest -->
